<?xml version="1.0" encoding="UTF-8"?>
<!-- Generated by org.testng.reporters.JUnitXMLReporter -->
<testsuite hostname="DESKTOP-MMJC98U" ignored="0" name="Default test" tests="2" failures="0" timestamp="17 Jul 2019 18:25:37 GMT" time="55.153" errors="0">
  <testcase name="verifyContactLabelTest" time="0.139" classname="com.crm.qa.testpage.ContactsPageTest"/>
  <testcase name="selectContactsByNameTest" time="0.183" classname="com.crm.qa.testpage.ContactsPageTest"/>
</testsuite> <!-- Default test -->
