<?xml version="1.0" encoding="UTF-8"?>
<testng-results skipped="0" failed="0" ignored="0" total="2" passed="2">
  <reporter-output>
  </reporter-output>
  <suite name="Default suite" duration-ms="55153" started-at="2019-07-17T18:24:41Z" finished-at="2019-07-17T18:25:37Z">
    <groups>
    </groups>
    <test name="Default test" duration-ms="55153" started-at="2019-07-17T18:24:41Z" finished-at="2019-07-17T18:25:37Z">
      <class name="com.crm.qa.testpage.ContactsPageTest">
        <test-method status="PASS" signature="setup()[pri:0, instance:com.crm.qa.testpage.ContactsPageTest@4ed9f0]" name="setup" is-config="true" duration-ms="26290" started-at="2019-07-17T23:54:42Z" finished-at="2019-07-17T23:55:08Z">
          <reporter-output>
          </reporter-output>
        </test-method> <!-- setup -->
        <test-method status="PASS" signature="verifyContactLabelTest()[pri:1, instance:com.crm.qa.testpage.ContactsPageTest@4ed9f0]" name="verifyContactLabelTest" duration-ms="139" started-at="2019-07-17T23:55:08Z" finished-at="2019-07-17T23:55:08Z">
          <reporter-output>
          </reporter-output>
        </test-method> <!-- verifyContactLabelTest -->
        <test-method status="PASS" signature="tearDown()[pri:0, instance:com.crm.qa.testpage.ContactsPageTest@4ed9f0]" name="tearDown" is-config="true" duration-ms="97" started-at="2019-07-17T23:55:08Z" finished-at="2019-07-17T23:55:08Z">
          <reporter-output>
          </reporter-output>
        </test-method> <!-- tearDown -->
        <test-method status="PASS" signature="setup()[pri:0, instance:com.crm.qa.testpage.ContactsPageTest@4ed9f0]" name="setup" is-config="true" duration-ms="28313" started-at="2019-07-17T23:55:08Z" finished-at="2019-07-17T23:55:36Z">
          <reporter-output>
          </reporter-output>
        </test-method> <!-- setup -->
        <test-method status="PASS" signature="selectContactsByNameTest()[pri:2, instance:com.crm.qa.testpage.ContactsPageTest@4ed9f0]" name="selectContactsByNameTest" duration-ms="183" started-at="2019-07-17T23:55:36Z" finished-at="2019-07-17T23:55:37Z">
          <reporter-output>
          </reporter-output>
        </test-method> <!-- selectContactsByNameTest -->
        <test-method status="PASS" signature="tearDown()[pri:0, instance:com.crm.qa.testpage.ContactsPageTest@4ed9f0]" name="tearDown" is-config="true" duration-ms="89" started-at="2019-07-17T23:55:37Z" finished-at="2019-07-17T23:55:37Z">
          <reporter-output>
          </reporter-output>
        </test-method> <!-- tearDown -->
      </class> <!-- com.crm.qa.testpage.ContactsPageTest -->
    </test> <!-- Default test -->
  </suite> <!-- Default suite -->
</testng-results>
